This is pdfTeX, Version 3.141592653-2.6-1.40.24 (MiKTeX 22.12 Portable) (preloaded format=pdflatex 2023.1.4)  6 NOV 2023 21:19
entering extended mode
 \write18 enabled.
 %&-line parsing enabled.
**./researchProposal.tex
(researchProposal.tex
LaTeX2e <2022-11-01> patch level 1
L3 programming layer <2022-12-17>
(C:\Workdir\MyApps\scoop\apps\latex\current\texmfs\install\tex/latex/base\artic
le.cls
Document Class: article 2022/07/02 v1.4n Standard LaTeX document class

(C:\Workdir\MyApps\scoop\apps\latex\current\texmfs\install\tex/latex/base\size1
0.clo
File: size10.clo 2022/07/02 v1.4n Standard LaTeX file (size option)
)
\c@part=\count185
\c@section=\count186
\c@subsection=\count187
\c@subsubsection=\count188
\c@paragraph=\count189
\c@subparagraph=\count190
\c@figure=\count191
\c@table=\count192
\abovecaptionskip=\skip48
\belowcaptionskip=\skip49
\bibindent=\dimen140
)
(C:\Workdir\MyApps\scoop\apps\latex\current\texmfs\install\tex/latex/biblatex\b
iblatex.sty
Package: biblatex 2022/07/12 v3.18b programmable bibliographies (PK/MW)

(C:\Workdir\MyApps\scoop\apps\latex\current\texmfs\install\tex/generic/pdftexcm
ds\pdftexcmds.sty
Package: pdftexcmds 2020-06-27 v0.33 Utility functions of pdfTeX for LuaTeX (HO
)

(C:\Workdir\MyApps\scoop\apps\latex\current\texmfs\install\tex/generic/infwarer
r\infwarerr.sty
Package: infwarerr 2019/12/03 v1.5 Providing info/warning/error messages (HO)
)
(C:\Workdir\MyApps\scoop\apps\latex\current\texmfs\install\tex/generic/iftex\if
tex.sty
Package: iftex 2022/02/03 v1.0f TeX engine tests
)
(C:\Workdir\MyApps\scoop\apps\latex\current\texmfs\install\tex/generic/ltxcmds\
ltxcmds.sty
Package: ltxcmds 2020-05-10 v1.25 LaTeX kernel commands for general use (HO)
)
Package pdftexcmds Info: \pdf@primitive is available.
Package pdftexcmds Info: \pdf@ifprimitive is available.
Package pdftexcmds Info: \pdfdraftmode found.
)
(C:\Workdir\MyApps\scoop\apps\latex\current\texmfs\install\tex/latex/etoolbox\e
toolbox.sty
Package: etoolbox 2020/10/05 v2.5k e-TeX tools for LaTeX (JAW)
\etb@tempcnta=\count193
)
(C:\Workdir\MyApps\scoop\apps\latex\current\texmfs\install\tex/latex/graphics\k
eyval.sty
Package: keyval 2022/05/29 v1.15 key=value parser (DPC)
\KV@toks@=\toks16
)
(C:\Workdir\MyApps\scoop\apps\latex\current\texmfs\install\tex/latex/kvoptions\
kvoptions.sty
Package: kvoptions 2022-06-15 v3.15 Key value format for package options (HO)

(C:\Workdir\MyApps\scoop\apps\latex\current\texmfs\install\tex/latex/kvsetkeys\
kvsetkeys.sty
Package: kvsetkeys 2022-10-05 v1.19 Key value parser (HO)
))
(C:\Workdir\MyApps\scoop\apps\latex\current\texmfs\install\tex/latex/logreq\log
req.sty
Package: logreq 2010/08/04 v1.0 xml request logger
\lrq@indent=\count194

(C:\Workdir\MyApps\scoop\apps\latex\current\texmfs\install\tex/latex/logreq\log
req.def
File: logreq.def 2010/08/04 v1.0 logreq spec v1.0
))
(C:\Workdir\MyApps\scoop\apps\latex\current\texmfs\install\tex/latex/base\ifthe
n.sty
Package: ifthen 2022/04/13 v1.1d Standard LaTeX ifthen package (DPC)
)
(C:\Workdir\MyApps\scoop\apps\latex\current\texmfs\install\tex/latex/url\url.st
y
\Urlmuskip=\muskip16
Package: url 2013/09/16  ver 3.4  Verb mode for urls, etc.
)
\c@tabx@nest=\count195
\c@listtotal=\count196
\c@listcount=\count197
\c@liststart=\count198
\c@liststop=\count199
\c@citecount=\count266
\c@citetotal=\count267
\c@multicitecount=\count268
\c@multicitetotal=\count269
\c@instcount=\count270
\c@maxnames=\count271
\c@minnames=\count272
\c@maxitems=\count273
\c@minitems=\count274
\c@citecounter=\count275
\c@maxcitecounter=\count276
\c@savedcitecounter=\count277
\c@uniquelist=\count278
\c@uniquename=\count279
\c@refsection=\count280
\c@refsegment=\count281
\c@maxextratitle=\count282
\c@maxextratitleyear=\count283
\c@maxextraname=\count284
\c@maxextradate=\count285
\c@maxextraalpha=\count286
\c@abbrvpenalty=\count287
\c@highnamepenalty=\count288
\c@lownamepenalty=\count289
\c@maxparens=\count290
\c@parenlevel=\count291
\blx@tempcnta=\count292
\blx@tempcntb=\count293
\blx@tempcntc=\count294
\c@blx@maxsection=\count295
\blx@maxsegment@0=\count296
\blx@notetype=\count297
\blx@parenlevel@text=\count298
\blx@parenlevel@foot=\count299
\blx@sectionciteorder@0=\count300
\blx@sectionciteorderinternal@0=\count301
\blx@entrysetcounter=\count302
\blx@biblioinstance=\count303
\labelnumberwidth=\skip50
\labelalphawidth=\skip51
\biblabelsep=\skip52
\bibitemsep=\skip53
\bibnamesep=\skip54
\bibinitsep=\skip55
\bibparsep=\skip56
\bibhang=\skip57
\blx@bcfin=\read2
\blx@bcfout=\write3
\blx@langwohyphens=\language79
\c@mincomprange=\count304
\c@maxcomprange=\count305
\c@mincompwidth=\count306
Package biblatex Info: Trying to load biblatex default data model...
Package biblatex Info: ... file 'blx-dm.def' found.

(C:\Workdir\MyApps\scoop\apps\latex\current\texmfs\install\tex/latex/biblatex\b
lx-dm.def
File: blx-dm.def 2022/07/12 v3.18b biblatex localization (PK/MW)
)
Package biblatex Info: Trying to load biblatex style data model...
Package biblatex Info: ... file 'numeric.dbx' not found.
Package biblatex Info: Trying to load biblatex custom data model...
Package biblatex Info: ... file 'biblatex-dm.cfg' not found.
\c@afterword=\count307
\c@savedafterword=\count308
\c@annotator=\count309
\c@savedannotator=\count310
\c@author=\count311
\c@savedauthor=\count312
\c@bookauthor=\count313
\c@savedbookauthor=\count314
\c@commentator=\count315
\c@savedcommentator=\count316
\c@editor=\count317
\c@savededitor=\count318
\c@editora=\count319
\c@savededitora=\count320
\c@editorb=\count321
\c@savededitorb=\count322
\c@editorc=\count323
\c@savededitorc=\count324
\c@foreword=\count325
\c@savedforeword=\count326
\c@holder=\count327
\c@savedholder=\count328
\c@introduction=\count329
\c@savedintroduction=\count330
\c@namea=\count331
\c@savednamea=\count332
\c@nameb=\count333
\c@savednameb=\count334
\c@namec=\count335
\c@savednamec=\count336
\c@translator=\count337
\c@savedtranslator=\count338
\c@shortauthor=\count339
\c@savedshortauthor=\count340
\c@shorteditor=\count341
\c@savedshorteditor=\count342
\c@labelname=\count343
\c@savedlabelname=\count344
\c@institution=\count345
\c@savedinstitution=\count346
\c@lista=\count347
\c@savedlista=\count348
\c@listb=\count349
\c@savedlistb=\count350
\c@listc=\count351
\c@savedlistc=\count352
\c@listd=\count353
\c@savedlistd=\count354
\c@liste=\count355
\c@savedliste=\count356
\c@listf=\count357
\c@savedlistf=\count358
\c@location=\count359
\c@savedlocation=\count360
\c@organization=\count361
\c@savedorganization=\count362
\c@origlocation=\count363
\c@savedoriglocation=\count364
\c@origpublisher=\count365
\c@savedorigpublisher=\count366
\c@publisher=\count367
\c@savedpublisher=\count368
\c@language=\count369
\c@savedlanguage=\count370
\c@origlanguage=\count371
\c@savedoriglanguage=\count372
\c@pageref=\count373
\c@savedpageref=\count374
\shorthandwidth=\skip58
\shortjournalwidth=\skip59
\shortserieswidth=\skip60
\shorttitlewidth=\skip61
\shortauthorwidth=\skip62
\shorteditorwidth=\skip63
\locallabelnumberwidth=\skip64
\locallabelalphawidth=\skip65
\localshorthandwidth=\skip66
\localshortjournalwidth=\skip67
\localshortserieswidth=\skip68
\localshorttitlewidth=\skip69
\localshortauthorwidth=\skip70
\localshorteditorwidth=\skip71
Package biblatex Info: Trying to load compatibility code...
Package biblatex Info: ... file 'blx-compat.def' found.

(C:\Workdir\MyApps\scoop\apps\latex\current\texmfs\install\tex/latex/biblatex\b
lx-compat.def
File: blx-compat.def 2022/07/12 v3.18b biblatex compatibility (PK/MW)
)
Package biblatex Info: Trying to load generic definitions...
Package biblatex Info: ... file 'biblatex.def' found.

(C:\Workdir\MyApps\scoop\apps\latex\current\texmfs\install\tex/latex/biblatex\b
iblatex.def
File: biblatex.def 2022/07/12 v3.18b biblatex compatibility (PK/MW)
\c@textcitecount=\count375
\c@textcitetotal=\count376
\c@textcitemaxnames=\count377
\c@biburlbigbreakpenalty=\count378
\c@biburlbreakpenalty=\count379
\c@biburlnumpenalty=\count380
\c@biburlucpenalty=\count381
\c@biburllcpenalty=\count382
\biburlbigskip=\muskip17
\biburlnumskip=\muskip18
\biburlucskip=\muskip19
\biburllcskip=\muskip20
\c@smartand=\count383
)
Package biblatex Info: Trying to load bibliography style 'numeric'...
Package biblatex Info: ... file 'numeric.bbx' found.

(C:\Workdir\MyApps\scoop\apps\latex\current\texmfs\install\tex/latex/biblatex/b
bx\numeric.bbx
File: numeric.bbx 2022/07/12 v3.18b biblatex bibliography style (PK/MW)
Package biblatex Info: Trying to load bibliography style 'standard'...
Package biblatex Info: ... file 'standard.bbx' found.

(C:\Workdir\MyApps\scoop\apps\latex\current\texmfs\install\tex/latex/biblatex/b
bx\standard.bbx
File: standard.bbx 2022/07/12 v3.18b biblatex bibliography style (PK/MW)
\c@bbx:relatedcount=\count384
\c@bbx:relatedtotal=\count385
))
Package biblatex Info: Trying to load citation style 'numeric'...
Package biblatex Info: ... file 'numeric.cbx' found.

(C:\Workdir\MyApps\scoop\apps\latex\current\texmfs\install\tex/latex/biblatex/c
bx\numeric.cbx
File: numeric.cbx 2022/07/12 v3.18b biblatex citation style (PK/MW)
Package biblatex Info: Redefining '\cite'.
Package biblatex Info: Redefining '\parencite'.
Package biblatex Info: Redefining '\footcite'.
Package biblatex Info: Redefining '\footcitetext'.
Package biblatex Info: Redefining '\smartcite'.
Package biblatex Info: Redefining '\supercite'.
Package biblatex Info: Redefining '\textcite'.
Package biblatex Info: Redefining '\textcites'.
Package biblatex Info: Redefining '\cites'.
Package biblatex Info: Redefining '\parencites'.
Package biblatex Info: Redefining '\smartcites'.
)
Package biblatex Info: Trying to load configuration file...
Package biblatex Info: ... file 'biblatex.cfg' found.

(C:\Workdir\MyApps\scoop\apps\latex\current\texmfs\install\tex/latex/biblatex\b
iblatex.cfg
File: biblatex.cfg 
)
Package biblatex Info: Input encoding 'utf8' detected.
Package biblatex Info: Document encoding is UTF8 ....

(C:\Workdir\MyApps\scoop\apps\latex\current\texmfs\install\tex/latex/l3kernel\e
xpl3.sty
Package: expl3 2022-12-17 L3 programming layer (loader) 

(C:\Workdir\MyApps\scoop\apps\latex\current\texmfs\install\tex/latex/l3backend\
l3backend-pdftex.def
File: l3backend-pdftex.def 2022-10-26 L3 backend support: PDF output (pdfTeX)
\l__color_backend_stack_int=\count386
\l__pdf_internal_box=\box51
))
Package biblatex Info: ... and expl3
(biblatex)             2022-12-17 L3 programming layer (loader) 
(biblatex)             is new enough (at least 2020/04/06),
(biblatex)             setting 'casechanger=expl3'.

(C:\Workdir\MyApps\scoop\apps\latex\current\texmfs\install\tex/latex/biblatex\b
lx-case-expl3.sty
(C:\Workdir\MyApps\scoop\apps\latex\current\texmfs\install\tex/latex/l3packages
/xparse\xparse.sty
Package: xparse 2022-12-17 L3 Experimental document command parser
)
Package: blx-case-expl3 2022/07/12 v3.18b expl3 case changing code for biblatex

))
(C:\Workdir\MyApps\scoop\apps\latex\current\texmfs\install\tex/latex/paralist\p
aralist.sty
Package: paralist 2017/01/22 v2.7 Extended list environments
\pltopsep=\skip72
\plpartopsep=\skip73
\plitemsep=\skip74
\plparsep=\skip75
\pl@lab=\toks17
)
(C:\Workdir\MyApps\scoop\apps\latex\current\texmfs\install\tex/latex/hyperref\h
yperref.sty
Package: hyperref 2022-11-13 v7.00u Hypertext links for LaTeX

(C:\Workdir\MyApps\scoop\apps\latex\current\texmfs\install\tex/generic/kvdefine
keys\kvdefinekeys.sty
Package: kvdefinekeys 2019-12-19 v1.6 Define keys (HO)
)
(C:\Workdir\MyApps\scoop\apps\latex\current\texmfs\install\tex/generic/pdfescap
e\pdfescape.sty
Package: pdfescape 2019/12/09 v1.15 Implements pdfTeX's escape features (HO)
)
(C:\Workdir\MyApps\scoop\apps\latex\current\texmfs\install\tex/latex/hycolor\hy
color.sty
Package: hycolor 2020-01-27 v1.10 Color options for hyperref/bookmark (HO)
)
(C:\Workdir\MyApps\scoop\apps\latex\current\texmfs\install\tex/latex/letltxmacr
o\letltxmacro.sty
Package: letltxmacro 2019/12/03 v1.6 Let assignment for LaTeX macros (HO)
)
(C:\Workdir\MyApps\scoop\apps\latex\current\texmfs\install\tex/latex/auxhook\au
xhook.sty
Package: auxhook 2019-12-17 v1.6 Hooks for auxiliary files (HO)
)
(C:\Workdir\MyApps\scoop\apps\latex\current\texmfs\install\tex/latex/hyperref\n
ameref.sty
Package: nameref 2022-05-17 v2.50 Cross-referencing by name of section

(C:\Workdir\MyApps\scoop\apps\latex\current\texmfs\install\tex/latex/refcount\r
efcount.sty
Package: refcount 2019/12/15 v3.6 Data extraction from label references (HO)
)
(C:\Workdir\MyApps\scoop\apps\latex\current\texmfs\install\tex/generic/gettitle
string\gettitlestring.sty
Package: gettitlestring 2019/12/15 v1.6 Cleanup title references (HO)
)
\c@section@level=\count387
)
\@linkdim=\dimen141
\Hy@linkcounter=\count388
\Hy@pagecounter=\count389

(C:\Workdir\MyApps\scoop\apps\latex\current\texmfs\install\tex/latex/hyperref\p
d1enc.def
File: pd1enc.def 2022-11-13 v7.00u Hyperref: PDFDocEncoding definition (HO)
Now handling font encoding PD1 ...
... no UTF-8 mapping file for font encoding PD1
)
(C:\Workdir\MyApps\scoop\apps\latex\current\texmfs\install\tex/generic/intcalc\
intcalc.sty
Package: intcalc 2019/12/15 v1.3 Expandable calculations with integers (HO)
)
(C:\Workdir\MyApps\scoop\apps\latex\current\texmfs\install\tex/generic/etexcmds
\etexcmds.sty
Package: etexcmds 2019/12/15 v1.7 Avoid name clashes with e-TeX commands (HO)
)
\Hy@SavedSpaceFactor=\count390

(C:\Workdir\MyApps\scoop\apps\latex\current\texmfs\install\tex/latex/hyperref\p
uenc.def
File: puenc.def 2022-11-13 v7.00u Hyperref: PDF Unicode definition (HO)
Now handling font encoding PU ...
... no UTF-8 mapping file for font encoding PU
)
Package hyperref Info: Hyper figures OFF on input line 4162.
Package hyperref Info: Link nesting OFF on input line 4167.
Package hyperref Info: Hyper index ON on input line 4170.
Package hyperref Info: Plain pages OFF on input line 4177.
Package hyperref Info: Backreferencing OFF on input line 4182.
Package hyperref Info: Implicit mode ON; LaTeX internals redefined.
Package hyperref Info: Bookmarks ON on input line 4410.
\c@Hy@tempcnt=\count391
LaTeX Info: Redefining \url on input line 4748.
\XeTeXLinkMargin=\dimen142

(C:\Workdir\MyApps\scoop\apps\latex\current\texmfs\install\tex/generic/bitset\b
itset.sty
Package: bitset 2019/12/09 v1.3 Handle bit-vector datatype (HO)

(C:\Workdir\MyApps\scoop\apps\latex\current\texmfs\install\tex/generic/bigintca
lc\bigintcalc.sty
Package: bigintcalc 2019/12/15 v1.5 Expandable calculations on big integers (HO
)
))
\Fld@menulength=\count392
\Field@Width=\dimen143
\Fld@charsize=\dimen144
Package hyperref Info: Hyper figures OFF on input line 6027.
Package hyperref Info: Link nesting OFF on input line 6032.
Package hyperref Info: Hyper index ON on input line 6035.
Package hyperref Info: backreferencing OFF on input line 6042.
Package hyperref Info: Link coloring OFF on input line 6047.
Package hyperref Info: Link coloring with OCG OFF on input line 6052.
Package hyperref Info: PDF/A mode OFF on input line 6057.

(C:\Workdir\MyApps\scoop\apps\latex\current\texmfs\install\tex/latex/base\atbeg
shi-ltx.sty
Package: atbegshi-ltx 2021/01/10 v1.0c Emulation of the original atbegshi
package with kernel methods
)
\Hy@abspage=\count393
\c@Item=\count394
\c@Hfootnote=\count395
)
Package hyperref Info: Driver (autodetected): hpdftex.

(C:\Workdir\MyApps\scoop\apps\latex\current\texmfs\install\tex/latex/hyperref\h
pdftex.def
File: hpdftex.def 2022-11-13 v7.00u Hyperref driver for pdfTeX

(C:\Workdir\MyApps\scoop\apps\latex\current\texmfs\install\tex/latex/base\atver
yend-ltx.sty
Package: atveryend-ltx 2020/08/19 v1.0a Emulation of the original atveryend pac
kage
with kernel methods
)
\Fld@listcount=\count396
\c@bookmark@seq@number=\count397

(C:\Workdir\MyApps\scoop\apps\latex\current\texmfs\install\tex/latex/rerunfilec
heck\rerunfilecheck.sty
Package: rerunfilecheck 2022-07-10 v1.10 Rerun checks for auxiliary files (HO)

(C:\Workdir\MyApps\scoop\apps\latex\current\texmfs\install\tex/generic/uniqueco
unter\uniquecounter.sty
Package: uniquecounter 2019/12/15 v1.4 Provide unlimited unique counter (HO)
)
Package uniquecounter Info: New unique counter `rerunfilecheck' on input line 2
85.
)
\Hy@SectionHShift=\skip76
)
(C:\Workdir\MyApps\scoop\apps\latex\current\texmfs\install\tex/latex/float\floa
t.sty
Package: float 2001/11/08 v1.3d Float enhancements (AL)
\c@float@type=\count398
\float@exts=\toks18
\float@box=\box52
\@float@everytoks=\toks19
\@floatcapt=\box53
)
(C:\Workdir\MyApps\scoop\apps\latex\current\texmfs\install\tex/latex/graphics\g
raphicx.sty
Package: graphicx 2021/09/16 v1.2d Enhanced LaTeX Graphics (DPC,SPQR)

(C:\Workdir\MyApps\scoop\apps\latex\current\texmfs\install\tex/latex/graphics\g
raphics.sty
Package: graphics 2022/03/10 v1.4e Standard LaTeX Graphics (DPC,SPQR)

(C:\Workdir\MyApps\scoop\apps\latex\current\texmfs\install\tex/latex/graphics\t
rig.sty
Package: trig 2021/08/11 v1.11 sin cos tan (DPC)
)
(C:\Workdir\MyApps\scoop\apps\latex\current\texmfs\install\tex/latex/graphics-c
fg\graphics.cfg
File: graphics.cfg 2016/06/04 v1.11 sample graphics configuration
)
Package graphics Info: Driver file: pdftex.def on input line 107.

(C:\Workdir\MyApps\scoop\apps\latex\current\texmfs\install\tex/latex/graphics-d
ef\pdftex.def
File: pdftex.def 2022/09/22 v1.2b Graphics/color driver for pdftex
))
\Gin@req@height=\dimen145
\Gin@req@width=\dimen146
)
(C:\Workdir\MyApps\scoop\apps\latex\current\texmfs\install\tex/latex/booktabs\b
ooktabs.sty
Package: booktabs 2020/01/12 v1.61803398 Publication quality tables
\heavyrulewidth=\dimen147
\lightrulewidth=\dimen148
\cmidrulewidth=\dimen149
\belowrulesep=\dimen150
\belowbottomsep=\dimen151
\aboverulesep=\dimen152
\abovetopsep=\dimen153
\cmidrulesep=\dimen154
\cmidrulekern=\dimen155
\defaultaddspace=\dimen156
\@cmidla=\count399
\@cmidlb=\count400
\@aboverulesep=\dimen157
\@belowrulesep=\dimen158
\@thisruleclass=\count401
\@lastruleclass=\count402
\@thisrulewidth=\dimen159
)
\c@researchquestion=\count403
\@quotelevel=\count404
\@quotereset=\count405
 (researchProposal.aux)
\openout1 = `researchProposal.aux'.

LaTeX Font Info:    Checking defaults for OML/cmm/m/it on input line 20.
LaTeX Font Info:    ... okay on input line 20.
LaTeX Font Info:    Checking defaults for OMS/cmsy/m/n on input line 20.
LaTeX Font Info:    ... okay on input line 20.
LaTeX Font Info:    Checking defaults for OT1/cmr/m/n on input line 20.
LaTeX Font Info:    ... okay on input line 20.
LaTeX Font Info:    Checking defaults for T1/cmr/m/n on input line 20.
LaTeX Font Info:    ... okay on input line 20.
LaTeX Font Info:    Checking defaults for TS1/cmr/m/n on input line 20.
LaTeX Font Info:    ... okay on input line 20.
LaTeX Font Info:    Checking defaults for OMX/cmex/m/n on input line 20.
LaTeX Font Info:    ... okay on input line 20.
LaTeX Font Info:    Checking defaults for U/cmr/m/n on input line 20.
LaTeX Font Info:    ... okay on input line 20.
LaTeX Font Info:    Checking defaults for PD1/pdf/m/n on input line 20.
LaTeX Font Info:    ... okay on input line 20.
LaTeX Font Info:    Checking defaults for PU/pdf/m/n on input line 20.
LaTeX Font Info:    ... okay on input line 20.
Package biblatex Info: Trying to load language 'english'...
Package biblatex Info: ... file 'english.lbx' found.

(C:\Workdir\MyApps\scoop\apps\latex\current\texmfs\install\tex/latex/biblatex/l
bx\english.lbx
File: english.lbx 2022/07/12 v3.18b biblatex localization (PK/MW)
)
Package biblatex Info: Input encoding 'utf8' detected.
Package biblatex Info: Automatic encoding selection.
(biblatex)             Assuming data encoding 'utf8'.
\openout3 = `researchProposal.bcf'.

Package biblatex Info: Trying to load bibliographic data...
Package biblatex Info: ... file 'researchProposal.bbl' found.
 (researchProposal.bbl)
Package biblatex Info: Reference section=0 on input line 20.
Package biblatex Info: Reference segment=0 on input line 20.
Package hyperref Info: Link coloring OFF on input line 20.
 (researchProposal.out)
(researchProposal.out)
\@outlinefile=\write4
\openout4 = `researchProposal.out'.


(C:\Workdir\MyApps\scoop\apps\latex\current\texmfs\install\tex/context/base/mki
i\supp-pdf.mkii
[Loading MPS to PDF converter (version 2006.09.02).]
\scratchcounter=\count406
\scratchdimen=\dimen160
\scratchbox=\box54
\nofMPsegments=\count407
\nofMParguments=\count408
\everyMPshowfont=\toks20
\MPscratchCnt=\count409
\MPscratchDim=\dimen161
\MPnumerator=\count410
\makeMPintoPDFobject=\count411
\everyMPtoPDFconversion=\toks21
)
(C:\Workdir\MyApps\scoop\apps\latex\current\texmfs\install\tex/latex/epstopdf-p
kg\epstopdf-base.sty
Package: epstopdf-base 2020-01-24 v2.11 Base part for package epstopdf
Package epstopdf-base Info: Redefining graphics rule for `.eps' on input line 4
85.

(C:\Workdir\MyApps\scoop\apps\latex\current\texmfs\install\tex/latex/00miktex\e
pstopdf-sys.cfg
File: epstopdf-sys.cfg 2021/03/18 v2.0 Configuration of epstopdf for MiKTeX
))
LaTeX Font Info:    External font `cmex10' loaded for size
(Font)              <12> on input line 23.
LaTeX Font Info:    External font `cmex10' loaded for size
(Font)              <8> on input line 23.
LaTeX Font Info:    External font `cmex10' loaded for size
(Font)              <6> on input line 23.
 [1

{C:/Workdir/MyApps/scoop/apps/latex/current/texmfs/data/fonts/map/pdftex/pdftex
.map}] [2]
LaTeX Font Info:    External font `cmex10' loaded for size
(Font)              <9> on input line 71.
LaTeX Font Info:    External font `cmex10' loaded for size
(Font)              <5> on input line 71.
 [3]
<./images//Intersection_over_Union_-_object_detection_bounding_boxes.jpg, id=87
, 602.25pt x 451.6875pt>
File: ./images//Intersection_over_Union_-_object_detection_bounding_boxes.jpg G
raphic file (type jpg)
<use ./images//Intersection_over_Union_-_object_detection_bounding_boxes.jpg>
Package pdftex.def Info: ./images//Intersection_over_Union_-_object_detection_b
ounding_boxes.jpg  used on input line 94.
(pdftex.def)             Requested size: 142.26378pt x 106.69794pt.
<./images//Intersection_over_Union_-_visual_equation.png, id=88, 602.25pt x 469
.755pt>
File: ./images//Intersection_over_Union_-_visual_equation.png Graphic file (typ
e png)
<use ./images//Intersection_over_Union_-_visual_equation.png>
Package pdftex.def Info: ./images//Intersection_over_Union_-_visual_equation.pn
g  used on input line 95.
(pdftex.def)             Requested size: 142.26378pt x 110.96587pt.
 [4
pdfTeX warning (ext4): destination with the same identifier (name{figure.1}) ha
s been already used, duplicate ignored
<argument> ...shipout:D \box_use:N \l_shipout_box 
                                                  \__shipout_drop_firstpage_...
l.106 	
        <./images//Intersection_over_Union_-_object_detection_bounding_boxes.jp
g> <./images//Intersection_over_Union_-_visual_equation.png>]
LaTeX Font Info:    External font `cmex10' loaded for size
(Font)              <7> on input line 109.
<./images//Proposal_diagram.png, id=121, 1242.6425pt x 2010.51125pt>
File: ./images//Proposal_diagram.png Graphic file (type png)
<use ./images//Proposal_diagram.png>
Package pdftex.def Info: ./images//Proposal_diagram.png  used on input line 137
.
(pdftex.def)             Requested size: 260.96263pt x 422.21983pt.
 [5
pdfTeX warning (ext4): destination with the same identifier (name{table.1}) has
 been already used, duplicate ignored
<argument> ...shipout:D \box_use:N \l_shipout_box 
                                                  \__shipout_drop_firstpage_...
l.141 	
       ] [6
pdfTeX warning (ext4): destination with the same identifier (name{figure.2}) ha
s been already used, duplicate ignored
<argument> ...shipout:D \box_use:N \l_shipout_box 
                                                  \__shipout_drop_firstpage_...
l.174 
      
pdfTeX warning (ext4): destination with the same identifier (name{table.2}) has
 been already used, duplicate ignored
<argument> ...shipout:D \box_use:N \l_shipout_box 
                                                  \__shipout_drop_firstpage_...
l.174 
       <./images//Proposal_diagram.png>]
<proposal-timing.png, id=144, 1253.68375pt x 213.79875pt>
File: proposal-timing.png Graphic file (type png)
<use proposal-timing.png>
Package pdftex.def Info: proposal-timing.png  used on input line 191.
(pdftex.def)             Requested size: 345.0pt x 58.8356pt.


Package biblatex Warning: No driver for 'data'.
(biblatex)                Using fallback driver on input line 196.

[7
pdfTeX warning (ext4): destination with the same identifier (name{table.3}) has
 been already used, duplicate ignored
<argument> ...shipout:D \box_use:N \l_shipout_box 
                                                  \__shipout_drop_firstpage_...
l.197 
      
pdfTeX warning (ext4): destination with the same identifier (name{figure.3}) ha
s been already used, duplicate ignored
<argument> ...shipout:D \box_use:N \l_shipout_box 
                                                  \__shipout_drop_firstpage_...
l.197 
       <./proposal-timing.png (PNG copy)>]
Overfull \hbox (14.73476pt too wide) in paragraph at lines 197--197
\OT1/cmr/m/n/10 niques for Deep Learn-ing''. In: \OT1/cmr/m/it/10 Pat-tern Reco
g-ni-tion \OT1/cmr/m/n/10 137 (May 2023), p. 109347.
 []

[8] (researchProposal.aux)
Package rerunfilecheck Info: File `researchProposal.out' has not changed.
(rerunfilecheck)             Checksum: A6C2A184866DF39CA72A4414C5C00E4E;1588.
Package logreq Info: Writing requests to 'researchProposal.run.xml'.
\openout1 = `researchProposal.run.xml'.

 ) 
Here is how much of TeX's memory you used:
 16066 strings out of 476406
 292900 string characters out of 2783414
 1860787 words of memory out of 3000000
 36217 multiletter control sequences out of 15000+600000
 519427 words of font info for 56 fonts, out of 8000000 for 9000
 1141 hyphenation exceptions out of 8191
 60i,10n,68p,1868b,1454s stack positions out of 10000i,1000n,20000p,200000b,80000s
 <C:\Workdir\MyApps\scoop\apps\latex\current\texmfs/data\fonts/pk/ljfour/jkna
ppen/ec/dpi600\tcrm0900.pk><C:/Workdir/MyApps/scoop/apps/latex/current/texmfs/i
nstall/fonts/type1/public/amsfonts/cm/cmbx10.pfb><C:/Workdir/MyApps/scoop/apps/
latex/current/texmfs/install/fonts/type1/public/amsfonts/cm/cmbx12.pfb><C:/Work
dir/MyApps/scoop/apps/latex/current/texmfs/install/fonts/type1/public/amsfonts/
cm/cmbx9.pfb><C:/Workdir/MyApps/scoop/apps/latex/current/texmfs/install/fonts/t
ype1/public/amsfonts/cm/cmcsc10.pfb><C:/Workdir/MyApps/scoop/apps/latex/current
/texmfs/install/fonts/type1/public/amsfonts/cm/cmex10.pfb><C:/Workdir/MyApps/sc
oop/apps/latex/current/texmfs/install/fonts/type1/public/amsfonts/cm/cmmi10.pfb
><C:/Workdir/MyApps/scoop/apps/latex/current/texmfs/install/fonts/type1/public/
amsfonts/cm/cmmi6.pfb><C:/Workdir/MyApps/scoop/apps/latex/current/texmfs/instal
l/fonts/type1/public/amsfonts/cm/cmmi7.pfb><C:/Workdir/MyApps/scoop/apps/latex/
current/texmfs/install/fonts/type1/public/amsfonts/cm/cmmi9.pfb><C:/Workdir/MyA
pps/scoop/apps/latex/current/texmfs/install/fonts/type1/public/amsfonts/cm/cmr1
0.pfb><C:/Workdir/MyApps/scoop/apps/latex/current/texmfs/install/fonts/type1/pu
blic/amsfonts/cm/cmr12.pfb><C:/Workdir/MyApps/scoop/apps/latex/current/texmfs/i
nstall/fonts/type1/public/amsfonts/cm/cmr17.pfb><C:/Workdir/MyApps/scoop/apps/l
atex/current/texmfs/install/fonts/type1/public/amsfonts/cm/cmr6.pfb><C:/Workdir
/MyApps/scoop/apps/latex/current/texmfs/install/fonts/type1/public/amsfonts/cm/
cmr8.pfb><C:/Workdir/MyApps/scoop/apps/latex/current/texmfs/install/fonts/type1
/public/amsfonts/cm/cmr9.pfb><C:/Workdir/MyApps/scoop/apps/latex/current/texmfs
/install/fonts/type1/public/amsfonts/cm/cmti10.pfb><C:/Workdir/MyApps/scoop/app
s/latex/current/texmfs/install/fonts/type1/public/amsfonts/cm/cmti9.pfb><C:/Wor
kdir/MyApps/scoop/apps/latex/current/texmfs/install/fonts/type1/public/amsfonts
/cm/cmtt10.pfb><C:/Workdir/MyApps/scoop/apps/latex/current/texmfs/install/fonts
/type1/public/amsfonts/cm/cmtt8.pfb>
Output written on researchProposal.pdf (8 pages, 562147 bytes).
PDF statistics:
 274 PDF objects out of 1000 (max. 8388607)
 48 named destinations out of 1000 (max. 500000)
 109 words of extra memory for PDF output out of 10000 (max. 10000000)

